[PYTHON] d5f64c8106d907f5218492b1015131c6331c4dc10af88449f0406ea17c4a6f37

[PYTHON] d21e5479e22d4689e781a61c6f226adfd93f7b491b4470ec45a57760018a48d4

[PYTHON] secret is  d21e5479e22d4689e781a61c6f226adfd93f7b491b4470ec45a57760018a48d4  

[PYTHON] C:\Users\G702306\Desktop\aooppwebcrow\ConsoleApplication5\ConsoleApplication5

[PYTHON] 3.141592653589793

[PYTHON] C:\Users\G702306\Desktop\aooppwebcrow\ConsoleApplication5\ConsoleApplication5

[PYTHON] 3.141592653589793

[PYTHON] 53e88d06e9b986197c70c655418ca8fb4501b579ca9f648a362e8a0ba1d6d588

[PYTHON] secret is  53e88d06e9b986197c70c655418ca8fb4501b579ca9f648a362e8a0ba1d6d588  

[PYTHON] 076af91ddf48ef44107065bd8a12638296b9048a7ef7726cdb8cb00db8af40e9

[PYTHON] C:\Users\G702306\Desktop\aooppwebcrow\ConsoleApplication5\ConsoleApplication5

[PYTHON] 3.141592653589793

[PYTHON] ba24b8e4043786fe470617efa7b373a3068887b90a570d9623824cee5e2f2a10

[PYTHON] 825d4ead3cbd879ee1ba1c8cb9a56f6937a5093dba4a65494388df91b06509a8

[PYTHON] secret is  825d4ead3cbd879ee1ba1c8cb9a56f6937a5093dba4a65494388df91b06509a8  

[PYTHON] 930e5e54ee04e1d9fb139c2d9a73e757ae32e557fab681dcf051ded862be70d5

[PYTHON] C:\Users\G702306\Desktop\aooppwebcrow\ConsoleApplication5\ConsoleApplication5

[PYTHON] 3.141592653589793

[PYTHON] 649584a76d4da02139c07fba69439adc8d5f00ebb3b3bb0a1dd3a684d0e67d7a

[PYTHON] secret is  649584a76d4da02139c07fba69439adc8d5f00ebb3b3bb0a1dd3a684d0e67d7a  

[PYTHON] e03b2fbc10455e2632b93a0653f8620d5d227a3ff5c93fb3372a8f7eefc360c7

[PYTHON] secret is  e03b2fbc10455e2632b93a0653f8620d5d227a3ff5c93fb3372a8f7eefc360c7  

[PYTHON] C:\Users\G702306\Desktop\aooppwebcrow\ConsoleApplication5\ConsoleApplication5

[PYTHON] 3.141592653589793

[PYTHON] 3168b7d9268b2f1c9343e2aebbaa7ada926f5fcd954500fa83f047abe507ce56

[PYTHON] C:\Users\G702306\Desktop\aooppwebcrow\ConsoleApplication5\ConsoleApplication5

[PYTHON] 3.141592653589793

[PYTHON] 2040d2b3931b693760df7cfb1d608473a5e59b6ca4f825b41bd3526c7216be5c

[PYTHON] 15f5078ca02a61b1de2adaa7c903803e60a3a673e65f8ae4949073f6c1212691

[PYTHON] secret is  15f5078ca02a61b1de2adaa7c903803e60a3a673e65f8ae4949073f6c1212691  

[PYTHON] 48f8a2517e472325cc77c3d0461ab6a928205b9b1b0f571d151fdcfb85164ffb

[PYTHON] C:\Users\G702306\Desktop\aooppwebcrow\ConsoleApplication5\ConsoleApplication5

[PYTHON] 3.141592653589793

[PYTHON] 4077f7697b340f84450bf782ba0ca915647c127a6225d3d475195c8f789b5530

[PYTHON] secret is  4077f7697b340f84450bf782ba0ca915647c127a6225d3d475195c8f789b5530  

[PYTHON] C:\Users\G702306\Desktop\aooppwebcrow\ConsoleApplication5\ConsoleApplication5

[PYTHON] 3.141592653589793

[PYTHON] 7876fbbae82c64761c18e41258f975fe53c36672e08edb2b20b405b04c631a49

[PYTHON] 88eed3375e6c25247d166169b1076720d3f6da30b15febd2b73f2a056997f7c2

[PYTHON] secret is  88eed3375e6c25247d166169b1076720d3f6da30b15febd2b73f2a056997f7c2  

[PYTHON] app start

[PYTHON] C:\Users\G702306\Desktop\aooppwebcrow\ConsoleApplication5\ConsoleApplication5

[PYTHON] 3.141592653589793

[PYTHON] 4724176bf579db1f5484c66a3d569e0479aefcc8bc6f72a85483c8df214a0e0e

[PYTHON] f2c3b5327b42fe8802097209407a8a25ad7ddee48d307a5241086bb231411df1

[PYTHON] secret is  f2c3b5327b42fe8802097209407a8a25ad7ddee48d307a5241086bb231411df1  

[PYTHON] C:\Users\G702306\Desktop\aooppwebcrow\ConsoleApplication5\ConsoleApplication5

[PYTHON] 3.141592653589793

[PYTHON] 42695371215838f8bbc15ae86d2c0feb27cfc3afc85564c412c16cd687c09a1b

[PYTHON] ea941da6c88af8a57bf905ceb3d0c2ba91205fd96d6f30ffd69da55d2ea66983

[PYTHON] secret is  ea941da6c88af8a57bf905ceb3d0c2ba91205fd96d6f30ffd69da55d2ea66983  

[PYTHON] app start

[PYTHON] fae146c728fc62dba7edf79f607e74b185349686e429f8fc759fbb0b1ca091b3

[PYTHON] 05e9f2fd9169a6f084e65aa3267fd637da2f236878afbabfbbf6c986c2388962

[PYTHON] secret is  05e9f2fd9169a6f084e65aa3267fd637da2f236878afbabfbbf6c986c2388962  

[PYTHON] C:\Users\G702306\Desktop\aooppwebcrow\ConsoleApplication5\ConsoleApplication5

[PYTHON] 3.141592653589793

[PYTHON] C:\Users\G702306\Desktop\aooppwebcrow\ConsoleApplication5\ConsoleApplication5

[PYTHON] 3.141592653589793

[PYTHON] 5f1453c14c93c1fc847dcc9e7e60c2c1f00085d034dd62667322f4e60c431238

[PYTHON] secret is  5f1453c14c93c1fc847dcc9e7e60c2c1f00085d034dd62667322f4e60c431238  

[PYTHON] 0b9460b30e898d23e2ade3449e29bc2fcaf302bb581338bce95da8696694f923

[PYTHON] C:\Users\G702306\Desktop\aooppwebcrow\ConsoleApplication5\ConsoleApplication5

[PYTHON] 3.141592653589793

[PYTHON] 2ab568e4a8855923052607335b4f13e7f63cb768540c98527900e37a5ed528a4

[PYTHON] secret is  2ab568e4a8855923052607335b4f13e7f63cb768540c98527900e37a5ed528a4  

